<test-run id="0" name="SampleLib.Tests.dll" fullname="C:\Projects\Test\NUnit.Engine.Api.Sample\TestRunner\bin\Debug\SampleLib.Tests.dll" runstate="Runnable" testcasecount="2" result="Passed" total="2" passed="2" failed="0" inconclusive="0" skipped="0" asserts="2" engine-version="3.11.1.0" clr-version="2.0.50727.9151" start-time="2020-12-21 19:41:08Z" end-time="2020-12-21 19:41:09Z" duration="0.599351">
  <command-line><![CDATA["C:\Projects\Test\NUnit.Engine.Api.Sample\TestRunner\bin\Debug\TestRunner.exe" ]]></command-line>
  <test-suite type="Assembly" id="0-1003" name="SampleLib.Tests.dll" fullname="C:\Projects\Test\NUnit.Engine.Api.Sample\TestRunner\bin\Debug\SampleLib.Tests.dll" runstate="Runnable" testcasecount="2" result="Passed" start-time="2020-12-21 19:41:09Z" end-time="2020-12-21 19:41:09Z" duration="0.052185" total="2" passed="2" failed="0" warnings="0" inconclusive="0" skipped="0" asserts="2">
    <environment framework-version="3.12.0.0" clr-version="4.0.30319.42000" os-version="Microsoft Windows NT 10.0.18363.0" platform="Win32NT" cwd="C:\Projects\Test\NUnit.Engine.Api.Sample\TestRunner\bin\Debug" machine-name="RSN" user="Admin" user-domain="RSN" culture="ru-RU" uiculture="en-US" os-architecture="x64" />
    <settings>
      <setting name="ImageRuntimeVersion" value="4.0.30319" />
      <setting name="ImageTargetFrameworkName" value=".NETFramework,Version=v4.5" />
      <setting name="ImageRequiresX86" value="False" />
      <setting name="ImageRequiresDefaultAppDomainAssemblyResolver" value="False" />
      <setting name="RuntimeFramework" value="net-4.0" />
      <setting name="NumberOfTestWorkers" value="8" />
    </settings>
    <properties>
      <property name="_PID" value="108" />
      <property name="_APPDOMAIN" value="domain-3b22e55e-SampleLib.Tests.dll" />
    </properties>
    <test-suite type="TestSuite" id="0-1004" name="SampleLib" fullname="SampleLib" runstate="Runnable" testcasecount="2" result="Passed" start-time="2020-12-21 19:41:09Z" end-time="2020-12-21 19:41:09Z" duration="0.039282" total="2" passed="2" failed="0" warnings="0" inconclusive="0" skipped="0" asserts="2">
      <test-suite type="TestSuite" id="0-1005" name="Tests" fullname="SampleLib.Tests" runstate="Runnable" testcasecount="2" result="Passed" start-time="2020-12-21 19:41:09Z" end-time="2020-12-21 19:41:09Z" duration="0.038975" total="2" passed="2" failed="0" warnings="0" inconclusive="0" skipped="0" asserts="2">
        <test-suite type="TestFixture" id="0-1000" name="WalletTests" fullname="SampleLib.Tests.WalletTests" classname="SampleLib.Tests.WalletTests" runstate="Runnable" testcasecount="2" result="Passed" start-time="2020-12-21 19:41:09Z" end-time="2020-12-21 19:41:09Z" duration="0.036211" total="2" passed="2" failed="0" warnings="0" inconclusive="0" skipped="0" asserts="2">
          <test-case id="0-1002" name="DecreaseWalletTest" fullname="SampleLib.Tests.WalletTests.DecreaseWalletTest" methodname="DecreaseWalletTest" classname="SampleLib.Tests.WalletTests" runstate="Runnable" seed="215073342" result="Passed" start-time="2020-12-21 19:41:09Z" end-time="2020-12-21 19:41:09Z" duration="0.028641" asserts="1" />
          <test-case id="0-1001" name="IncreaseWalletTest" fullname="SampleLib.Tests.WalletTests.IncreaseWalletTest" methodname="IncreaseWalletTest" classname="SampleLib.Tests.WalletTests" runstate="Runnable" seed="314695027" result="Passed" start-time="2020-12-21 19:41:09Z" end-time="2020-12-21 19:41:09Z" duration="0.000271" asserts="1" />
        </test-suite>
      </test-suite>
    </test-suite>
  </test-suite>
</test-run>